Using pre-set license
Built from '2020.3/staging' branch; Version is '2020.3.14f1 (d0d1bb862f9d) revision 13685179'; Using compiler version '192528614'; Build Type 'Release'
OS: 'Windows 10 Education; OS build 19042.1237; Version 2009; 64bit' Language: 'en' Physical Memory: 16180 MB
BatchMode: 1, IsHumanControllingUs: 0, StartBugReporterOnCrash: 0, Is64bit: 1, IsPro: 0

 COMMAND LINE ARGUMENTS:
C:\Program Files\Unity\Editor\Unity.exe
-adb2
-batchMode
-noUpm
-name
AssetImportWorker0
-projectPath
C:/Users/W0454816/OneDrive - Nova Scotia Community College/Introduction to Level Design/HorrorGame
-logFile
Logs/AssetImportWorker0.log
-srvPort
50935
Successfully changed project path to: C:/Users/W0454816/OneDrive - Nova Scotia Community College/Introduction to Level Design/HorrorGame
C:/Users/W0454816/OneDrive - Nova Scotia Community College/Introduction to Level Design/HorrorGame
Using Asset Import Pipeline V2.
Refreshing native plugins compatible for Editor in 98.99 ms, found 2 plugins.
Preloading 0 native plugins for Editor in 0.00 ms.
Initialize engine version: 2020.3.14f1 (d0d1bb862f9d)
[Subsystems] Discovering subsystems at path C:/Program Files/Unity/Editor/Data/Resources/UnitySubsystems
[Subsystems] Discovering subsystems at path C:/Users/W0454816/OneDrive - Nova Scotia Community College/Introduction to Level Design/HorrorGame/Assets
GfxDevice: creating device client; threaded=0
Direct3D:
    Version:  Direct3D 11.0 [level 11.0]
    Renderer: NVIDIA Quadro K2200 (ID=0x13ba)
    Vendor:   
    VRAM:     4053 MB
    Driver:   27.21.14.6192
Initialize mono
Mono path[0] = 'C:/Program Files/Unity/Editor/Data/Managed'
Mono path[1] = 'C:/Program Files/Unity/Editor/Data/MonoBleedingEdge/lib/mono/unityjit'
Mono config path = 'C:/Program Files/Unity/Editor/Data/MonoBleedingEdge/etc'
Using monoOptions --debugger-agent=transport=dt_socket,embedding=1,server=y,suspend=n,address=127.0.0.1:56408
Begin MonoManager ReloadAssembly
Registering precompiled unity dll's ...
Register platform support module: C:/Program Files/Unity/Editor/Data/PlaybackEngines/WindowsStandaloneSupport/UnityEditor.WindowsStandalone.Extensions.dll
Registered in 0.003363 seconds.
Native extension for WindowsStandalone target not found
Refreshing native plugins compatible for Editor in 62.01 ms, found 2 plugins.
Preloading 0 native plugins for Editor in 0.00 ms.
Mono: successfully reloaded assembly
- Completed reload, in  1.634 seconds
Domain Reload Profiling:
	ReloadAssembly (1634ms)
		BeginReloadAssembly (94ms)
			ExecutionOrderSort (0ms)
			DisableScriptedObjects (0ms)
			BackupInstance (0ms)
			ReleaseScriptingObjects (0ms)
			CreateAndSetChildDomain (1ms)
		EndReloadAssembly (592ms)
			LoadAssemblies (90ms)
			RebuildTransferFunctionScriptingTraits (0ms)
			SetupTypeCache (222ms)
			ReleaseScriptCaches (0ms)
			RebuildScriptCaches (46ms)
			SetupLoadedEditorAssemblies (230ms)
				LogAssemblyErrors (0ms)
				InitializePlatformSupportModulesInManaged (7ms)
				SetLoadedEditorAssemblies (0ms)
				RefreshPlugins (62ms)
				BeforeProcessingInitializeOnLoad (20ms)
				ProcessInitializeOnLoadAttributes (102ms)
				ProcessInitializeOnLoadMethodAttributes (39ms)
				AfterProcessingInitializeOnLoad (0ms)
				EditorAssembliesLoaded (0ms)
			ExecutionOrderSort2 (0ms)
			AwakeInstancesAfterBackupRestoration (0ms)
Platform modules already initialized, skipping
Registering precompiled user dll's ...
Registered in 0.006995 seconds.
Begin MonoManager ReloadAssembly
Native extension for WindowsStandalone target not found
Refreshing native plugins compatible for Editor in 64.35 ms, found 2 plugins.
Preloading 0 native plugins for Editor in 0.00 ms.
Mono: successfully reloaded assembly
- Completed reload, in  2.299 seconds
Domain Reload Profiling:
	ReloadAssembly (2300ms)
		BeginReloadAssembly (298ms)
			ExecutionOrderSort (0ms)
			DisableScriptedObjects (5ms)
			BackupInstance (0ms)
			ReleaseScriptingObjects (0ms)
			CreateAndSetChildDomain (33ms)
		EndReloadAssembly (1786ms)
			LoadAssemblies (235ms)
			RebuildTransferFunctionScriptingTraits (0ms)
			SetupTypeCache (413ms)
			ReleaseScriptCaches (0ms)
			RebuildScriptCaches (68ms)
			SetupLoadedEditorAssemblies (987ms)
				LogAssemblyErrors (0ms)
				InitializePlatformSupportModulesInManaged (6ms)
				SetLoadedEditorAssemblies (0ms)
				RefreshPlugins (64ms)
				BeforeProcessingInitializeOnLoad (140ms)
				ProcessInitializeOnLoadAttributes (760ms)
				ProcessInitializeOnLoadMethodAttributes (6ms)
				AfterProcessingInitializeOnLoad (10ms)
				EditorAssembliesLoaded (0ms)
			ExecutionOrderSort2 (0ms)
			AwakeInstancesAfterBackupRestoration (7ms)
Platform modules already initialized, skipping
========================================================================
Worker process is ready to serve import requests
Launched and connected shader compiler UnityShaderCompiler.exe after 0.07 seconds
Refreshing native plugins compatible for Editor in 0.71 ms, found 2 plugins.
Preloading 0 native plugins for Editor in 0.00 ms.
Unloading 2120 Unused Serialized files (Serialized files now loaded: 0)
System memory in use before: 192.6 MB.
System memory in use after: 192.5 MB.

Unloading 31 unused Assets to reduce memory usage. Loaded Objects now: 2590.
Total: 2.923500 ms (FindLiveObjects: 0.268400 ms CreateObjectMapping: 0.122400 ms MarkObjects: 2.278800 ms  DeleteObjects: 0.253100 ms)

AssetImportParameters requested are different than current active one (requested -> active):
  custom:framework-win-MediaFoundation: 216162199b28c13a410421893ffa2e32 -> 
  custom:video-decoder-ogg-theora: a1e56fd34408186e4bbccfd4996cb3dc -> 
  custom:container-muxer-webm: aa71ff27fc2769a1b78a27578f13a17b -> 
  custom:container-demuxer-webm: 4f35f7cbe854078d1ac9338744f61a02 -> 
  custom:container-demuxer-ogg: 62fdf1f143b41e24485cea50d1cbac27 -> 
  custom:video-encoder-webm-vp8: eb34c28f22e8b96e1ab97ce403110664 -> 
  custom:video-decoder-webm-vp8: 9c59270c3fd7afecdb556c50c9e8de78 -> 
  custom:audio-decoder-ogg-vorbis: bf7c407c2cedff20999df2af8eb42d56 -> 
  custom:audio-encoder-webm-vorbis: bf7c407c2cedff20999df2af8eb42d56 -> 
========================================================================
Received Import Request.
  path: Assets/NewLayer 1.terrainlayer
  artifactKey: Guid(b78e1e1447fc3794bb2dc3f005f4c463) Importer(815301076,1909f56bfc062723c751e8b465ee728b)
Start importing Assets/NewLayer 1.terrainlayer using Guid(b78e1e1447fc3794bb2dc3f005f4c463) Importer(815301076,1909f56bfc062723c751e8b465ee728b)  -> (artifact id: 'f02687e463d774a64b1673f2c47fa734') in 0.158563 seconds 
  Import took 0.168616 seconds .

========================================================================
Received Import Request.
  Time since last request: 0.000267 seconds.
  path: Assets/NewLayer.terrainlayer
  artifactKey: Guid(359c9f3851adb4d49a3146fb19f78f0c) Importer(815301076,1909f56bfc062723c751e8b465ee728b)
Start importing Assets/NewLayer.terrainlayer using Guid(359c9f3851adb4d49a3146fb19f78f0c) Importer(815301076,1909f56bfc062723c751e8b465ee728b)  -> (artifact id: '7c6d1200d8015afaea4c232122cb8091') in 0.033780 seconds 
  Import took 0.044331 seconds .

========================================================================
Received Prepare
Registering precompiled user dll's ...
Registered in 0.005443 seconds.
Begin MonoManager ReloadAssembly
Native extension for WindowsStandalone target not found
Refreshing native plugins compatible for Editor in 0.51 ms, found 2 plugins.
Preloading 0 native plugins for Editor in 0.00 ms.
Mono: successfully reloaded assembly
- Completed reload, in  1.902 seconds
Domain Reload Profiling:
	ReloadAssembly (1903ms)
		BeginReloadAssembly (175ms)
			ExecutionOrderSort (0ms)
			DisableScriptedObjects (4ms)
			BackupInstance (0ms)
			ReleaseScriptingObjects (0ms)
			CreateAndSetChildDomain (52ms)
		EndReloadAssembly (1628ms)
			LoadAssemblies (180ms)
			RebuildTransferFunctionScriptingTraits (0ms)
			SetupTypeCache (409ms)
			ReleaseScriptCaches (1ms)
			RebuildScriptCaches (60ms)
			SetupLoadedEditorAssemblies (854ms)
				LogAssemblyErrors (0ms)
				InitializePlatformSupportModulesInManaged (7ms)
				SetLoadedEditorAssemblies (1ms)
				RefreshPlugins (1ms)
				BeforeProcessingInitializeOnLoad (131ms)
				ProcessInitializeOnLoadAttributes (704ms)
				ProcessInitializeOnLoadMethodAttributes (4ms)
				AfterProcessingInitializeOnLoad (7ms)
				EditorAssembliesLoaded (0ms)
			ExecutionOrderSort2 (0ms)
			AwakeInstancesAfterBackupRestoration (6ms)
Platform modules already initialized, skipping
Refreshing native plugins compatible for Editor in 0.63 ms, found 2 plugins.
Preloading 0 native plugins for Editor in 0.00 ms.
Unloading 2025 Unused Serialized files (Serialized files now loaded: 0)
System memory in use before: 186.8 MB.
System memory in use after: 186.7 MB.

Unloading 17 unused Assets to reduce memory usage. Loaded Objects now: 2598.
Total: 3.221600 ms (FindLiveObjects: 0.242400 ms CreateObjectMapping: 0.087200 ms MarkObjects: 2.671400 ms  DeleteObjects: 0.219500 ms)

AssetImportParameters requested are different than current active one (requested -> active):
  custom:framework-win-MediaFoundation: 216162199b28c13a410421893ffa2e32 -> 
  custom:video-decoder-ogg-theora: a1e56fd34408186e4bbccfd4996cb3dc -> 
  custom:container-muxer-webm: aa71ff27fc2769a1b78a27578f13a17b -> 
  custom:container-demuxer-webm: 4f35f7cbe854078d1ac9338744f61a02 -> 
  custom:container-demuxer-ogg: 62fdf1f143b41e24485cea50d1cbac27 -> 
  custom:video-encoder-webm-vp8: eb34c28f22e8b96e1ab97ce403110664 -> 
  custom:video-decoder-webm-vp8: 9c59270c3fd7afecdb556c50c9e8de78 -> 
  custom:audio-decoder-ogg-vorbis: bf7c407c2cedff20999df2af8eb42d56 -> 
  custom:audio-encoder-webm-vorbis: bf7c407c2cedff20999df2af8eb42d56 -> 
========================================================================
Received Prepare
Registering precompiled user dll's ...
Registered in 0.006494 seconds.
Begin MonoManager ReloadAssembly
Native extension for WindowsStandalone target not found
Refreshing native plugins compatible for Editor in 0.49 ms, found 2 plugins.
Preloading 0 native plugins for Editor in 0.00 ms.
Mono: successfully reloaded assembly
- Completed reload, in  1.323 seconds
Domain Reload Profiling:
	ReloadAssembly (1323ms)
		BeginReloadAssembly (134ms)
			ExecutionOrderSort (0ms)
			DisableScriptedObjects (4ms)
			BackupInstance (0ms)
			ReleaseScriptingObjects (0ms)
			CreateAndSetChildDomain (35ms)
		EndReloadAssembly (1126ms)
			LoadAssemblies (97ms)
			RebuildTransferFunctionScriptingTraits (0ms)
			SetupTypeCache (280ms)
			ReleaseScriptCaches (1ms)
			RebuildScriptCaches (43ms)
			SetupLoadedEditorAssemblies (605ms)
				LogAssemblyErrors (0ms)
				InitializePlatformSupportModulesInManaged (5ms)
				SetLoadedEditorAssemblies (0ms)
				RefreshPlugins (1ms)
				BeforeProcessingInitializeOnLoad (96ms)
				ProcessInitializeOnLoadAttributes (493ms)
				ProcessInitializeOnLoadMethodAttributes (4ms)
				AfterProcessingInitializeOnLoad (7ms)
				EditorAssembliesLoaded (0ms)
			ExecutionOrderSort2 (0ms)
			AwakeInstancesAfterBackupRestoration (6ms)
Platform modules already initialized, skipping
Shader 'Custom/RainShader': fallback shader 'Particles/Alpha Blended' not found
Shader 'Custom/RainShader': fallback shader 'Particles/Alpha Blended' not found
Refreshing native plugins compatible for Editor in 0.47 ms, found 2 plugins.
Preloading 0 native plugins for Editor in 0.00 ms.
Unloading 2034 Unused Serialized files (Serialized files now loaded: 0)
System memory in use before: 187.2 MB.
System memory in use after: 187.1 MB.

Unloading 18 unused Assets to reduce memory usage. Loaded Objects now: 2609.
Total: 2.403900 ms (FindLiveObjects: 0.198300 ms CreateObjectMapping: 0.075000 ms MarkObjects: 1.878200 ms  DeleteObjects: 0.251400 ms)

AssetImportParameters requested are different than current active one (requested -> active):
  custom:framework-win-MediaFoundation: 216162199b28c13a410421893ffa2e32 -> 
  custom:video-decoder-ogg-theora: a1e56fd34408186e4bbccfd4996cb3dc -> 
  custom:container-muxer-webm: aa71ff27fc2769a1b78a27578f13a17b -> 
  custom:container-demuxer-webm: 4f35f7cbe854078d1ac9338744f61a02 -> 
  custom:container-demuxer-ogg: 62fdf1f143b41e24485cea50d1cbac27 -> 
  custom:video-encoder-webm-vp8: eb34c28f22e8b96e1ab97ce403110664 -> 
  custom:video-decoder-webm-vp8: 9c59270c3fd7afecdb556c50c9e8de78 -> 
  custom:audio-decoder-ogg-vorbis: bf7c407c2cedff20999df2af8eb42d56 -> 
  custom:audio-encoder-webm-vorbis: bf7c407c2cedff20999df2af8eb42d56 -> 
========================================================================
Received Import Request.
  Time since last request: 488.233416 seconds.
  path: Assets/RainMaker/Readme.txt
  artifactKey: Guid(c604563d03d2cd24da3a25d80881e28c) Importer(815301076,1909f56bfc062723c751e8b465ee728b)
Start importing Assets/RainMaker/Readme.txt using Guid(c604563d03d2cd24da3a25d80881e28c) Importer(815301076,1909f56bfc062723c751e8b465ee728b)  -> (artifact id: 'b19e39c31aa50c273e09d237c32aadd5') in 0.061085 seconds 
  Import took 0.068372 seconds .

========================================================================
Received Import Request.
  Time since last request: 10.778356 seconds.
  path: Assets/RainMaker/Prefab
  artifactKey: Guid(32d17ae8bec4ec34398b6539e0f511ae) Importer(815301076,1909f56bfc062723c751e8b465ee728b)
Start importing Assets/RainMaker/Prefab using Guid(32d17ae8bec4ec34398b6539e0f511ae) Importer(815301076,1909f56bfc062723c751e8b465ee728b)  -> (artifact id: '6949d216ac77d54e89daeff185caf1e1') in 0.010031 seconds 
  Import took 0.016487 seconds .

========================================================================
Received Import Request.
  Time since last request: 0.031224 seconds.
  path: Assets/RainMaker/Prefab/rain_heavy.ogg
  artifactKey: Guid(db1471092e49b7445bfbd374a17ea61a) Importer(815301076,1909f56bfc062723c751e8b465ee728b)
Start importing Assets/RainMaker/Prefab/rain_heavy.ogg using Guid(db1471092e49b7445bfbd374a17ea61a) Importer(815301076,1909f56bfc062723c751e8b465ee728b)  -> (artifact id: '9d0d19e1116e28c3a20298b70cf2be39') in 0.081862 seconds 
  Import took 0.086728 seconds .

========================================================================
Received Import Request.
  Time since last request: 0.000553 seconds.
  path: Assets/RainMaker/Prefab/RainPrefab.prefab
  artifactKey: Guid(69b40ef7ee16c834c844b3fa26e0fdda) Importer(815301076,1909f56bfc062723c751e8b465ee728b)
Start importing Assets/RainMaker/Prefab/RainPrefab.prefab using Guid(69b40ef7ee16c834c844b3fa26e0fdda) Importer(815301076,1909f56bfc062723c751e8b465ee728b) Shader 'Custom/RainShader': fallback shader 'Particles/Alpha Blended' not found
 -> (artifact id: 'c519c0b218e47b2be1764886ae21d5d7') in 0.056598 seconds 
  Import took 0.060568 seconds .

========================================================================
Received Import Request.
  Time since last request: 0.000328 seconds.
  path: Assets/RainMaker/Prefab/RainMaterial2D.mat
  artifactKey: Guid(c8c162af3fac7f145b8d1295eff18b1c) Importer(815301076,1909f56bfc062723c751e8b465ee728b)
Start importing Assets/RainMaker/Prefab/RainMaterial2D.mat using Guid(c8c162af3fac7f145b8d1295eff18b1c) Importer(815301076,1909f56bfc062723c751e8b465ee728b)  -> (artifact id: '5c1ccb70fff708ef041dd5c77ac4580d') in 0.041496 seconds 
  Import took 0.046197 seconds .

========================================================================
Received Import Request.
  Time since last request: 0.000317 seconds.
  path: Assets/RainMaker/Prefab/RainPrefab2D.prefab
  artifactKey: Guid(b046278bb9b6e104790392b566667ba5) Importer(815301076,1909f56bfc062723c751e8b465ee728b)
Start importing Assets/RainMaker/Prefab/RainPrefab2D.prefab using Guid(b046278bb9b6e104790392b566667ba5) Importer(815301076,1909f56bfc062723c751e8b465ee728b)  -> (artifact id: '0dcfe37a431f0e23139330b44906638c') in 0.030840 seconds 
  Import took 0.036039 seconds .

========================================================================
Received Import Request.
  Time since last request: 0.000301 seconds.
  path: Assets/RainMaker/Prefab/rain_medium.ogg
  artifactKey: Guid(3359e9d10af08ca46ae396298dbd1ed9) Importer(815301076,1909f56bfc062723c751e8b465ee728b)
Start importing Assets/RainMaker/Prefab/rain_medium.ogg using Guid(3359e9d10af08ca46ae396298dbd1ed9) Importer(815301076,1909f56bfc062723c751e8b465ee728b)  -> (artifact id: 'cf37d6ecfe238af3a82ff3eb7e3188cc') in 0.022246 seconds 
  Import took 0.027437 seconds .

========================================================================
Received Import Request.
  Time since last request: 0.000263 seconds.
  path: Assets/RainMaker/Prefab/RainTexturePSD.psd
  artifactKey: Guid(b4533cd6f001345258e575db8a0f8ca1) Importer(815301076,1909f56bfc062723c751e8b465ee728b)
Start importing Assets/RainMaker/Prefab/RainTexturePSD.psd using Guid(b4533cd6f001345258e575db8a0f8ca1) Importer(815301076,1909f56bfc062723c751e8b465ee728b)  -> (artifact id: '7276a452b515dbad43ec4fdcbe70a222') in 0.027041 seconds 
  Import took 0.033309 seconds .

========================================================================
Received Import Request.
  Time since last request: 0.000235 seconds.
  path: Assets/RainMaker/Prefab/RainExplosionMaterial.mat
  artifactKey: Guid(bd4df8ad7f6a91b4aad18ac427db8176) Importer(815301076,1909f56bfc062723c751e8b465ee728b)
Start importing Assets/RainMaker/Prefab/RainExplosionMaterial.mat using Guid(bd4df8ad7f6a91b4aad18ac427db8176) Importer(815301076,1909f56bfc062723c751e8b465ee728b) Shader 'Custom/RainShader': fallback shader 'Particles/Alpha Blended' not found
 -> (artifact id: '6aeb7a67430efa7c5c58eb9192f7d053') in 0.037332 seconds 
  Import took 0.043818 seconds .

========================================================================
Received Import Request.
  Time since last request: 0.000263 seconds.
  path: Assets/RainMaker/Prefab/RainTexture.png
  artifactKey: Guid(0bf90ccca9a75684795d89669e00f773) Importer(815301076,1909f56bfc062723c751e8b465ee728b)
Start importing Assets/RainMaker/Prefab/RainTexture.png using Guid(0bf90ccca9a75684795d89669e00f773) Importer(815301076,1909f56bfc062723c751e8b465ee728b)  -> (artifact id: '482ae16f9b823ffd55564dfda64d01bd') in 0.038976 seconds 
  Import took 0.045169 seconds .

========================================================================
Received Import Request.
  Time since last request: 0.000334 seconds.
  path: Assets/RainMaker/Prefab/RainMistMaterial2D.mat
  artifactKey: Guid(03c4b968ffb030646b5abe98dff68dcc) Importer(815301076,1909f56bfc062723c751e8b465ee728b)
Start importing Assets/RainMaker/Prefab/RainMistMaterial2D.mat using Guid(03c4b968ffb030646b5abe98dff68dcc) Importer(815301076,1909f56bfc062723c751e8b465ee728b)  -> (artifact id: '49c2416705a9fa1c0f011fc20e30bbf0') in 0.043353 seconds 
  Import took 0.050994 seconds .

========================================================================
Received Import Request.
  Time since last request: 0.000259 seconds.
  path: Assets/RainMaker/Prefab/rain_light.ogg
  artifactKey: Guid(c980eda1ec9b9ff4b930005976b00f41) Importer(815301076,1909f56bfc062723c751e8b465ee728b)
Start importing Assets/RainMaker/Prefab/rain_light.ogg using Guid(c980eda1ec9b9ff4b930005976b00f41) Importer(815301076,1909f56bfc062723c751e8b465ee728b)  -> (artifact id: '1d78568a5f7a0ca0b4ffeda0ab1f9a3f') in 0.034466 seconds 
  Import took 0.044088 seconds .

========================================================================
Received Import Request.
  Time since last request: 0.000084 seconds.
  path: Assets/RainMaker/Prefab/RainMaterial.mat
  artifactKey: Guid(5a5cdbef1fec3ec4ab759228c8234ed5) Importer(815301076,1909f56bfc062723c751e8b465ee728b)
Start importing Assets/RainMaker/Prefab/RainMaterial.mat using Guid(5a5cdbef1fec3ec4ab759228c8234ed5) Importer(815301076,1909f56bfc062723c751e8b465ee728b) Shader 'Custom/RainShader': fallback shader 'Particles/Alpha Blended' not found
 -> (artifact id: '53e8cbfa6829a760aad428b4112e5ff2') in 0.046288 seconds 
  Import took 0.051624 seconds .

========================================================================
Received Import Request.
  Time since last request: 0.000279 seconds.
  path: Assets/RainMaker/Prefab/RainMistMaterial.mat
  artifactKey: Guid(26903820d8bdf4145af868b7b12d0e18) Importer(815301076,1909f56bfc062723c751e8b465ee728b)
Start importing Assets/RainMaker/Prefab/RainMistMaterial.mat using Guid(26903820d8bdf4145af868b7b12d0e18) Importer(815301076,1909f56bfc062723c751e8b465ee728b) Shader 'Custom/RainShader': fallback shader 'Particles/Alpha Blended' not found
 -> (artifact id: 'f17959ec61a29267e39fa733a0889660') in 0.023440 seconds 
  Import took 0.028286 seconds .

========================================================================
Received Import Request.
  Time since last request: 0.000238 seconds.
  path: Assets/RainMaker/Prefab/wind_normal1.ogg
  artifactKey: Guid(f9826f595784348498b57bcf6b2c8b1f) Importer(815301076,1909f56bfc062723c751e8b465ee728b)
Start importing Assets/RainMaker/Prefab/wind_normal1.ogg using Guid(f9826f595784348498b57bcf6b2c8b1f) Importer(815301076,1909f56bfc062723c751e8b465ee728b)  -> (artifact id: '4a26767d407d0b86d0dffb9eb3a18cee') in 0.023344 seconds 
  Import took 0.027668 seconds .

========================================================================
Received Import Request.
  Time since last request: 0.000231 seconds.
  path: Assets/RainMaker/Prefab/RainExplosionMaterial2D.mat
  artifactKey: Guid(519ffdde64b6aa54180d54372779f0b0) Importer(815301076,1909f56bfc062723c751e8b465ee728b)
Start importing Assets/RainMaker/Prefab/RainExplosionMaterial2D.mat using Guid(519ffdde64b6aa54180d54372779f0b0) Importer(815301076,1909f56bfc062723c751e8b465ee728b)  -> (artifact id: 'a1b6634af8f238c8837c27f421c8b9b7') in 0.023260 seconds 
  Import took 0.027812 seconds .

========================================================================
Received Import Request.
  Time since last request: 0.000469 seconds.
  path: Assets/RainMaker/Prefab/RainExplosionMaterial2D.mat
  artifactKey: Guid(519ffdde64b6aa54180d54372779f0b0) Importer(815301076,1909f56bfc062723c751e8b465ee728b)
Start importing Assets/RainMaker/Prefab/RainExplosionMaterial2D.mat using Guid(519ffdde64b6aa54180d54372779f0b0) Importer(815301076,1909f56bfc062723c751e8b465ee728b)  -> (artifact id: 'a1b6634af8f238c8837c27f421c8b9b7') in 0.015442 seconds 
  Import took 0.021112 seconds .

========================================================================
Received Import Request.
  Time since last request: 7.304667 seconds.
  path: Assets/RainMaker/Editor
  artifactKey: Guid(3f9edad49d07614488775a4a8e093315) Importer(815301076,1909f56bfc062723c751e8b465ee728b)
Start importing Assets/RainMaker/Editor using Guid(3f9edad49d07614488775a4a8e093315) Importer(815301076,1909f56bfc062723c751e8b465ee728b)  -> (artifact id: '348727bc89134b7fb02424837566316f') in 0.008699 seconds 
  Import took 0.015338 seconds .

========================================================================
Received Import Request.
  Time since last request: 0.055370 seconds.
  path: Assets/RainMaker/Editor/RainMakerLogo.png
  artifactKey: Guid(03b1d349318691d4a9d3c7e1803fd7e5) Importer(815301076,1909f56bfc062723c751e8b465ee728b)
Start importing Assets/RainMaker/Editor/RainMakerLogo.png using Guid(03b1d349318691d4a9d3c7e1803fd7e5) Importer(815301076,1909f56bfc062723c751e8b465ee728b)  -> (artifact id: '91a22268abc768c6e4a2e928f9891be4') in 0.017532 seconds 
  Import took 0.025004 seconds .

========================================================================
Received Import Request.
  Time since last request: 4.177463 seconds.
  path: Assets/SpeedManager.cs
  artifactKey: Guid(29773cbe1dbc7a343954cb3682069026) Importer(815301076,1909f56bfc062723c751e8b465ee728b)
Start importing Assets/SpeedManager.cs using Guid(29773cbe1dbc7a343954cb3682069026) Importer(815301076,1909f56bfc062723c751e8b465ee728b)  -> (artifact id: '6132028e3f3df3f974bf4d236dd09c9c') in 0.013913 seconds 
  Import took 0.017557 seconds .

========================================================================
Received Import Request.
  Time since last request: 2.161659 seconds.
  path: Assets/RainMaker
  artifactKey: Guid(cf13a3ecb34725140a91cd29d3677561) Importer(815301076,1909f56bfc062723c751e8b465ee728b)
Start importing Assets/RainMaker using Guid(cf13a3ecb34725140a91cd29d3677561) Importer(815301076,1909f56bfc062723c751e8b465ee728b)  -> (artifact id: 'ee5f49a4ae8327495ef6fb3604f8d698') in 0.009659 seconds 
  Import took 0.014386 seconds .

========================================================================
Received Import Request.
  Time since last request: 211.556448 seconds.
  path: Assets/RainMaker/Demo
  artifactKey: Guid(9d444da0a0d97074c813ba208167e81b) Importer(815301076,1909f56bfc062723c751e8b465ee728b)
Start importing Assets/RainMaker/Demo using Guid(9d444da0a0d97074c813ba208167e81b) Importer(815301076,1909f56bfc062723c751e8b465ee728b)  -> (artifact id: '48c9fcbad0a06c2d75bffe7ff7ddba97') in 0.009722 seconds 
  Import took 0.016076 seconds .

========================================================================
Received Import Request.
  Time since last request: 0.069847 seconds.
  path: Assets/RainMaker/Demo/Background.prefab
  artifactKey: Guid(a4bf6bd342cbc4e4cab59a122194d93d) Importer(815301076,1909f56bfc062723c751e8b465ee728b)
Start importing Assets/RainMaker/Demo/Background.prefab using Guid(a4bf6bd342cbc4e4cab59a122194d93d) Importer(815301076,1909f56bfc062723c751e8b465ee728b)  -> (artifact id: '7dfb7d4ffe5ae9c5cb5cea32d425e892') in 0.025709 seconds 
  Import took 0.030746 seconds .

========================================================================
Received Import Request.
  Time since last request: 0.000298 seconds.
  path: Assets/RainMaker/Demo/FlashlightCookie.tif
  artifactKey: Guid(7a04f0e602a8b1b40b2ef17916166e21) Importer(815301076,1909f56bfc062723c751e8b465ee728b)
Start importing Assets/RainMaker/Demo/FlashlightCookie.tif using Guid(7a04f0e602a8b1b40b2ef17916166e21) Importer(815301076,1909f56bfc062723c751e8b465ee728b)  -> (artifact id: '3e8191f3db8a71f182eeece51c8d201f') in 0.031509 seconds 
  Import took 0.036423 seconds .

========================================================================
Received Import Request.
  Time since last request: 0.000275 seconds.
  path: Assets/RainMaker/Demo/PhysicsMaterialGround.physicsMaterial2D
  artifactKey: Guid(d13f8de85fa427b4c986913f591d679e) Importer(815301076,1909f56bfc062723c751e8b465ee728b)
Start importing Assets/RainMaker/Demo/PhysicsMaterialGround.physicsMaterial2D using Guid(d13f8de85fa427b4c986913f591d679e) Importer(815301076,1909f56bfc062723c751e8b465ee728b)  -> (artifact id: '75a26991b863acf909c6456b3c5575d6') in 0.017636 seconds 
  Import took 0.022179 seconds .

========================================================================
Received Import Request.
  Time since last request: 0.000309 seconds.
  path: Assets/RainMaker/Demo/GrayMaterial.mat
  artifactKey: Guid(fb89a550e9ade2b4ab6d5d17a5195c75) Importer(815301076,1909f56bfc062723c751e8b465ee728b)
Start importing Assets/RainMaker/Demo/GrayMaterial.mat using Guid(fb89a550e9ade2b4ab6d5d17a5195c75) Importer(815301076,1909f56bfc062723c751e8b465ee728b)  -> (artifact id: '6ff3d221743600450179d4593d8a896f') in 0.026320 seconds 
  Import took 0.032385 seconds .

========================================================================
Received Import Request.
  Time since last request: 0.000244 seconds.
  path: Assets/RainMaker/Demo/New Terrain.asset
  artifactKey: Guid(ad080ee1067846b4fae6efc824b8cfbc) Importer(815301076,1909f56bfc062723c751e8b465ee728b)
Start importing Assets/RainMaker/Demo/New Terrain.asset using Guid(ad080ee1067846b4fae6efc824b8cfbc) Importer(815301076,1909f56bfc062723c751e8b465ee728b)  -> (artifact id: '2708e71baa567a84dccc423b8971e8b1') in 0.144718 seconds 
  Import took 0.149769 seconds .

========================================================================
Received Import Request.
  Time since last request: 0.000346 seconds.
  path: Assets/RainMaker/Demo/NatureLandscape.png
  artifactKey: Guid(250ee5d919a222c499e5d9e2177fd609) Importer(815301076,1909f56bfc062723c751e8b465ee728b)
Start importing Assets/RainMaker/Demo/NatureLandscape.png using Guid(250ee5d919a222c499e5d9e2177fd609) Importer(815301076,1909f56bfc062723c751e8b465ee728b)  -> (artifact id: 'adf89cfbe0d0cf81ae7674c8b2632163') in 0.033227 seconds 
  Import took 0.037727 seconds .

========================================================================
Received Import Request.
  Time since last request: 0.000274 seconds.
  path: Assets/RainMaker/Demo/PhysicsMaterialBall.physicsMaterial2D
  artifactKey: Guid(eb3ebb2fab878bd4a81e1b1167623522) Importer(815301076,1909f56bfc062723c751e8b465ee728b)
Start importing Assets/RainMaker/Demo/PhysicsMaterialBall.physicsMaterial2D using Guid(eb3ebb2fab878bd4a81e1b1167623522) Importer(815301076,1909f56bfc062723c751e8b465ee728b)  -> (artifact id: '8f0735b089aaf9eda2c5fd3a281e8962') in 0.013473 seconds 
  Import took 0.017735 seconds .

========================================================================
Received Prepare
Registering precompiled user dll's ...
Registered in 0.005813 seconds.
Begin MonoManager ReloadAssembly
Native extension for WindowsStandalone target not found
Refreshing native plugins compatible for Editor in 0.47 ms, found 2 plugins.
Preloading 0 native plugins for Editor in 0.00 ms.
Mono: successfully reloaded assembly
- Completed reload, in  1.749 seconds
Domain Reload Profiling:
	ReloadAssembly (1750ms)
		BeginReloadAssembly (176ms)
			ExecutionOrderSort (0ms)
			DisableScriptedObjects (5ms)
			BackupInstance (0ms)
			ReleaseScriptingObjects (0ms)
			CreateAndSetChildDomain (52ms)
		EndReloadAssembly (1485ms)
			LoadAssemblies (296ms)
			RebuildTransferFunctionScriptingTraits (1ms)
			SetupTypeCache (373ms)
			ReleaseScriptCaches (1ms)
			RebuildScriptCaches (44ms)
			SetupLoadedEditorAssemblies (637ms)
				LogAssemblyErrors (0ms)
				InitializePlatformSupportModulesInManaged (5ms)
				SetLoadedEditorAssemblies (0ms)
				RefreshPlugins (1ms)
				BeforeProcessingInitializeOnLoad (95ms)
				ProcessInitializeOnLoadAttributes (525ms)
				ProcessInitializeOnLoadMethodAttributes (4ms)
				AfterProcessingInitializeOnLoad (7ms)
				EditorAssembliesLoaded (0ms)
			ExecutionOrderSort2 (0ms)
			AwakeInstancesAfterBackupRestoration (6ms)
Platform modules already initialized, skipping
Shader 'Custom/RainShader': fallback shader 'Particles/Alpha Blended' not found
Shader 'Custom/RainShader': fallback shader 'Particles/Alpha Blended' not found
Refreshing native plugins compatible for Editor in 0.47 ms, found 2 plugins.
Preloading 0 native plugins for Editor in 0.00 ms.
Unloading 2034 Unused Serialized files (Serialized files now loaded: 0)
System memory in use before: 187.7 MB.
System memory in use after: 187.6 MB.

Unloading 17 unused Assets to reduce memory usage. Loaded Objects now: 2658.
Total: 2.358500 ms (FindLiveObjects: 0.190400 ms CreateObjectMapping: 0.066100 ms MarkObjects: 1.873600 ms  DeleteObjects: 0.227600 ms)

AssetImportParameters requested are different than current active one (requested -> active):
  custom:framework-win-MediaFoundation: 216162199b28c13a410421893ffa2e32 -> 
  custom:video-decoder-ogg-theora: a1e56fd34408186e4bbccfd4996cb3dc -> 
  custom:container-muxer-webm: aa71ff27fc2769a1b78a27578f13a17b -> 
  custom:container-demuxer-webm: 4f35f7cbe854078d1ac9338744f61a02 -> 
  custom:container-demuxer-ogg: 62fdf1f143b41e24485cea50d1cbac27 -> 
  custom:video-encoder-webm-vp8: eb34c28f22e8b96e1ab97ce403110664 -> 
  custom:video-decoder-webm-vp8: 9c59270c3fd7afecdb556c50c9e8de78 -> 
  custom:audio-decoder-ogg-vorbis: bf7c407c2cedff20999df2af8eb42d56 -> 
  custom:audio-encoder-webm-vorbis: bf7c407c2cedff20999df2af8eb42d56 -> 
========================================================================
Received Prepare
Registering precompiled user dll's ...
Registered in 0.010561 seconds.
Begin MonoManager ReloadAssembly
Native extension for WindowsStandalone target not found
Refreshing native plugins compatible for Editor in 0.47 ms, found 2 plugins.
Preloading 0 native plugins for Editor in 0.00 ms.
Mono: successfully reloaded assembly
- Completed reload, in  1.323 seconds
Domain Reload Profiling:
	ReloadAssembly (1323ms)
		BeginReloadAssembly (134ms)
			ExecutionOrderSort (0ms)
			DisableScriptedObjects (4ms)
			BackupInstance (0ms)
			ReleaseScriptingObjects (0ms)
			CreateAndSetChildDomain (35ms)
		EndReloadAssembly (1117ms)
			LoadAssemblies (111ms)
			RebuildTransferFunctionScriptingTraits (0ms)
			SetupTypeCache (275ms)
			ReleaseScriptCaches (1ms)
			RebuildScriptCaches (41ms)
			SetupLoadedEditorAssemblies (607ms)
				LogAssemblyErrors (0ms)
				InitializePlatformSupportModulesInManaged (5ms)
				SetLoadedEditorAssemblies (0ms)
				RefreshPlugins (1ms)
				BeforeProcessingInitializeOnLoad (97ms)
				ProcessInitializeOnLoadAttributes (493ms)
				ProcessInitializeOnLoadMethodAttributes (4ms)
				AfterProcessingInitializeOnLoad (7ms)
				EditorAssembliesLoaded (0ms)
			ExecutionOrderSort2 (0ms)
			AwakeInstancesAfterBackupRestoration (6ms)
Platform modules already initialized, skipping
Shader 'Custom/RainShader': fallback shader 'Particles/Alpha Blended' not found
Refreshing native plugins compatible for Editor in 0.48 ms, found 2 plugins.
Preloading 0 native plugins for Editor in 0.00 ms.
Unloading 2033 Unused Serialized files (Serialized files now loaded: 0)
System memory in use before: 187.6 MB.
System memory in use after: 187.5 MB.

Unloading 17 unused Assets to reduce memory usage. Loaded Objects now: 2661.
Total: 2.507200 ms (FindLiveObjects: 0.185400 ms CreateObjectMapping: 0.069100 ms MarkObjects: 2.012800 ms  DeleteObjects: 0.239000 ms)

AssetImportParameters requested are different than current active one (requested -> active):
  custom:framework-win-MediaFoundation: 216162199b28c13a410421893ffa2e32 -> 
  custom:video-decoder-ogg-theora: a1e56fd34408186e4bbccfd4996cb3dc -> 
  custom:container-muxer-webm: aa71ff27fc2769a1b78a27578f13a17b -> 
  custom:container-demuxer-webm: 4f35f7cbe854078d1ac9338744f61a02 -> 
  custom:container-demuxer-ogg: 62fdf1f143b41e24485cea50d1cbac27 -> 
  custom:video-encoder-webm-vp8: eb34c28f22e8b96e1ab97ce403110664 -> 
  custom:video-decoder-webm-vp8: 9c59270c3fd7afecdb556c50c9e8de78 -> 
  custom:audio-decoder-ogg-vorbis: bf7c407c2cedff20999df2af8eb42d56 -> 
  custom:audio-encoder-webm-vorbis: bf7c407c2cedff20999df2af8eb42d56 -> 
========================================================================
Received Prepare
Registering precompiled user dll's ...
Registered in 0.008496 seconds.
Begin MonoManager ReloadAssembly
Native extension for WindowsStandalone target not found
Refreshing native plugins compatible for Editor in 0.65 ms, found 2 plugins.
Preloading 0 native plugins for Editor in 0.00 ms.
Mono: successfully reloaded assembly
- Completed reload, in  1.697 seconds
Domain Reload Profiling:
	ReloadAssembly (1697ms)
		BeginReloadAssembly (157ms)
			ExecutionOrderSort (0ms)
			DisableScriptedObjects (5ms)
			BackupInstance (0ms)
			ReleaseScriptingObjects (0ms)
			CreateAndSetChildDomain (40ms)
		EndReloadAssembly (1457ms)
			LoadAssemblies (128ms)
			RebuildTransferFunctionScriptingTraits (0ms)
			SetupTypeCache (367ms)
			ReleaseScriptCaches (1ms)
			RebuildScriptCaches (52ms)
			SetupLoadedEditorAssemblies (781ms)
				LogAssemblyErrors (0ms)
				InitializePlatformSupportModulesInManaged (7ms)
				SetLoadedEditorAssemblies (1ms)
				RefreshPlugins (1ms)
				BeforeProcessingInitializeOnLoad (113ms)
				ProcessInitializeOnLoadAttributes (646ms)
				ProcessInitializeOnLoadMethodAttributes (5ms)
				AfterProcessingInitializeOnLoad (8ms)
				EditorAssembliesLoaded (0ms)
			ExecutionOrderSort2 (0ms)
			AwakeInstancesAfterBackupRestoration (6ms)
Platform modules already initialized, skipping
Shader 'Custom/RainShader': fallback shader 'Particles/Alpha Blended' not found
Refreshing native plugins compatible for Editor in 0.53 ms, found 2 plugins.
Preloading 0 native plugins for Editor in 0.00 ms.
Unloading 2033 Unused Serialized files (Serialized files now loaded: 0)
System memory in use before: 187.6 MB.
System memory in use after: 187.4 MB.

Unloading 17 unused Assets to reduce memory usage. Loaded Objects now: 2664.
Total: 4.207800 ms (FindLiveObjects: 0.539900 ms CreateObjectMapping: 0.269900 ms MarkObjects: 3.075300 ms  DeleteObjects: 0.320700 ms)

AssetImportParameters requested are different than current active one (requested -> active):
  custom:framework-win-MediaFoundation: 216162199b28c13a410421893ffa2e32 -> 
  custom:video-decoder-ogg-theora: a1e56fd34408186e4bbccfd4996cb3dc -> 
  custom:container-muxer-webm: aa71ff27fc2769a1b78a27578f13a17b -> 
  custom:container-demuxer-webm: 4f35f7cbe854078d1ac9338744f61a02 -> 
  custom:container-demuxer-ogg: 62fdf1f143b41e24485cea50d1cbac27 -> 
  custom:video-encoder-webm-vp8: eb34c28f22e8b96e1ab97ce403110664 -> 
  custom:video-decoder-webm-vp8: 9c59270c3fd7afecdb556c50c9e8de78 -> 
  custom:audio-decoder-ogg-vorbis: bf7c407c2cedff20999df2af8eb42d56 -> 
  custom:audio-encoder-webm-vorbis: bf7c407c2cedff20999df2af8eb42d56 -> 
========================================================================
Received Import Request.
  Time since last request: 308.931766 seconds.
  path: Assets/RainMaker/Demo/Standard Assets/Environment/TerrainAssets/SurfaceTextures/CliffAlbedoSpecular.psd
  artifactKey: Guid(18214e9d6af6248559d501391856f1c7) Importer(815301076,1909f56bfc062723c751e8b465ee728b)
Start importing Assets/RainMaker/Demo/Standard Assets/Environment/TerrainAssets/SurfaceTextures/CliffAlbedoSpecular.psd using Guid(18214e9d6af6248559d501391856f1c7) Importer(815301076,1909f56bfc062723c751e8b465ee728b)  -> (artifact id: 'b7755d79a3eaa2605958ef5843434718') in 0.105020 seconds 
  Import took 0.112728 seconds .

========================================================================
Received Import Request.
  Time since last request: 0.007456 seconds.
  path: Assets/RainMaker/Demo/Standard Assets/Environment/TerrainAssets/SurfaceTextures/CliffAlbedoSpecular.psd
  artifactKey: Guid(18214e9d6af6248559d501391856f1c7) Importer(815301076,1909f56bfc062723c751e8b465ee728b)
Start importing Assets/RainMaker/Demo/Standard Assets/Environment/TerrainAssets/SurfaceTextures/CliffAlbedoSpecular.psd using Guid(18214e9d6af6248559d501391856f1c7) Importer(815301076,1909f56bfc062723c751e8b465ee728b)  -> (artifact id: 'b7755d79a3eaa2605958ef5843434718') in 0.032094 seconds 
  Import took 0.038839 seconds .

========================================================================
Received Import Request.
  Time since last request: 1.581150 seconds.
  path: Assets/RainMaker/Demo/Standard Assets/Environment/TerrainAssets/BillboardTextures/GrassFrond01AlbedoAlpha.psd
  artifactKey: Guid(2c528fec5d95e4ac28cf46399b887662) Importer(815301076,1909f56bfc062723c751e8b465ee728b)
Start importing Assets/RainMaker/Demo/Standard Assets/Environment/TerrainAssets/BillboardTextures/GrassFrond01AlbedoAlpha.psd using Guid(2c528fec5d95e4ac28cf46399b887662) Importer(815301076,1909f56bfc062723c751e8b465ee728b)  -> (artifact id: '3a2ee8ef249e60ba2bd968c5f68749fb') in 0.023396 seconds 
  Import took 0.030106 seconds .

========================================================================
Received Import Request.
  Time since last request: 0.000347 seconds.
  path: Assets/RainMaker/Demo/Standard Assets/Environment/TerrainAssets/SurfaceTextures/GrassRockyAlbedo.psd
  artifactKey: Guid(440eb36db91ca410f800ff3cfe43572f) Importer(815301076,1909f56bfc062723c751e8b465ee728b)
Start importing Assets/RainMaker/Demo/Standard Assets/Environment/TerrainAssets/SurfaceTextures/GrassRockyAlbedo.psd using Guid(440eb36db91ca410f800ff3cfe43572f) Importer(815301076,1909f56bfc062723c751e8b465ee728b)  -> (artifact id: '957ac0536573fadd6eb3887f64fcb892') in 0.047677 seconds 
  Import took 0.052662 seconds .

========================================================================
Received Import Request.
  Time since last request: 0.000286 seconds.
  path: Assets/RainMaker/Demo/Standard Assets/Environment/TerrainAssets/BillboardTextures/GrassFrond01AlbedoAlpha.psd
  artifactKey: Guid(2c528fec5d95e4ac28cf46399b887662) Importer(815301076,1909f56bfc062723c751e8b465ee728b)
Start importing Assets/RainMaker/Demo/Standard Assets/Environment/TerrainAssets/BillboardTextures/GrassFrond01AlbedoAlpha.psd using Guid(2c528fec5d95e4ac28cf46399b887662) Importer(815301076,1909f56bfc062723c751e8b465ee728b)  -> (artifact id: '3a2ee8ef249e60ba2bd968c5f68749fb') in 0.035608 seconds 
  Import took 0.041837 seconds .

========================================================================
Received Import Request.
  Time since last request: 0.000283 seconds.
  path: Assets/RainMaker/Demo/Standard Assets/Environment/TerrainAssets/BillboardTextures/GrassFrond02AlbedoAlpha.psd
  artifactKey: Guid(d6cdc79ec19714fcd980ca3f6ac01a0a) Importer(815301076,1909f56bfc062723c751e8b465ee728b)
Start importing Assets/RainMaker/Demo/Standard Assets/Environment/TerrainAssets/BillboardTextures/GrassFrond02AlbedoAlpha.psd using Guid(d6cdc79ec19714fcd980ca3f6ac01a0a) Importer(815301076,1909f56bfc062723c751e8b465ee728b)  -> (artifact id: 'c8a661ff8821c52fe558ecd49d5e7230') in 0.029580 seconds 
  Import took 0.035911 seconds .

========================================================================
Received Import Request.
  Time since last request: 0.000230 seconds.
  path: Assets/RainMaker/Demo/Standard Assets/Environment/TerrainAssets/SurfaceTextures/GrassHillAlbedo.psd
  artifactKey: Guid(c6e0767b1f8c34890ac245217f4b9731) Importer(815301076,1909f56bfc062723c751e8b465ee728b)
Start importing Assets/RainMaker/Demo/Standard Assets/Environment/TerrainAssets/SurfaceTextures/GrassHillAlbedo.psd using Guid(c6e0767b1f8c34890ac245217f4b9731) Importer(815301076,1909f56bfc062723c751e8b465ee728b)  -> (artifact id: '19c12e45680eff6bda0695db72d34f77') in 0.031159 seconds 
  Import took 0.036786 seconds .

========================================================================
Received Import Request.
  Time since last request: 0.183133 seconds.
  path: Assets/RainMaker/Demo/Standard Assets/Environment/TerrainAssets/SurfaceTextures/MudRockyAlbedoSpecular.bmp
  artifactKey: Guid(ef5c51cfa2ce46043a41a376b560c525) Importer(815301076,1909f56bfc062723c751e8b465ee728b)
Start importing Assets/RainMaker/Demo/Standard Assets/Environment/TerrainAssets/SurfaceTextures/MudRockyAlbedoSpecular.bmp using Guid(ef5c51cfa2ce46043a41a376b560c525) Importer(815301076,1909f56bfc062723c751e8b465ee728b)  -> (artifact id: '79e3fd8685e941ec0cca4ca9c9d7d18c') in 0.034914 seconds 
  Import took 0.039714 seconds .

========================================================================
Received Import Request.
  Time since last request: 0.000271 seconds.
  path: Assets/RainMaker/Demo/Standard Assets/Environment/TerrainAssets/SurfaceTextures/MudRockyNormals.bmp
  artifactKey: Guid(58a059b07b093a745b47c2191525ddce) Importer(815301076,1909f56bfc062723c751e8b465ee728b)
Start importing Assets/RainMaker/Demo/Standard Assets/Environment/TerrainAssets/SurfaceTextures/MudRockyNormals.bmp using Guid(58a059b07b093a745b47c2191525ddce) Importer(815301076,1909f56bfc062723c751e8b465ee728b)  -> (artifact id: '813120a6f360c5987ecf77184233a031') in 0.038404 seconds 
  Import took 0.043973 seconds .

========================================================================
Received Import Request.
  Time since last request: 0.000284 seconds.
  path: Assets/RainMaker/Demo/Standard Assets/Environment/TerrainAssets/SurfaceTextures/MudRockyAlbedoSpecular.bmp
  artifactKey: Guid(ef5c51cfa2ce46043a41a376b560c525) Importer(815301076,1909f56bfc062723c751e8b465ee728b)
Start importing Assets/RainMaker/Demo/Standard Assets/Environment/TerrainAssets/SurfaceTextures/MudRockyAlbedoSpecular.bmp using Guid(ef5c51cfa2ce46043a41a376b560c525) Importer(815301076,1909f56bfc062723c751e8b465ee728b)  -> (artifact id: '79e3fd8685e941ec0cca4ca9c9d7d18c') in 0.016544 seconds 
  Import took 0.021504 seconds .

========================================================================
Received Import Request.
  Time since last request: 4.335520 seconds.
  path: Assets/RainMaker/Demo/Standard Assets/Environment/TerrainAssets/SurfaceTextures/SandAlbedo.psd
  artifactKey: Guid(bfd675cc0db1d4656b75dc6d6ba91142) Importer(815301076,1909f56bfc062723c751e8b465ee728b)
Start importing Assets/RainMaker/Demo/Standard Assets/Environment/TerrainAssets/SurfaceTextures/SandAlbedo.psd using Guid(bfd675cc0db1d4656b75dc6d6ba91142) Importer(815301076,1909f56bfc062723c751e8b465ee728b)  -> (artifact id: '5e4efa2a41958ee769ea403ea27b38dd') in 0.049281 seconds 
  Import took 0.056244 seconds .

========================================================================
Received Import Request.
  Time since last request: 0.002057 seconds.
  path: Assets/RainMaker/Demo/Standard Assets/Environment/TerrainAssets/SurfaceTextures/SandAlbedo.psd
  artifactKey: Guid(bfd675cc0db1d4656b75dc6d6ba91142) Importer(815301076,1909f56bfc062723c751e8b465ee728b)
Start importing Assets/RainMaker/Demo/Standard Assets/Environment/TerrainAssets/SurfaceTextures/SandAlbedo.psd using Guid(bfd675cc0db1d4656b75dc6d6ba91142) Importer(815301076,1909f56bfc062723c751e8b465ee728b)  -> (artifact id: '5e4efa2a41958ee769ea403ea27b38dd') in 0.041129 seconds 
  Import took 0.051661 seconds .

AssetImportWorkerClient::OnTransportError - code=2 error=End of file
